Determining if the pthread_create exist failed with the following output:
Change Dir: /home/zk8888/catkin_ws/src/kinect_img_cap/cmake-build-debug/CMakeFiles/CMakeTmp

Run Build Command:"/usr/bin/make" "cmTC_90df0/fast"
/usr/bin/make -f CMakeFiles/cmTC_90df0.dir/build.make CMakeFiles/cmTC_90df0.dir/build
make[1]: Entering directory `/home/zk8888/catkin_ws/src/kinect_img_cap/cmake-build-debug/CMakeFiles/CMakeTmp'
Building C object CMakeFiles/cmTC_90df0.dir/CheckSymbolExists.c.o
/usr/bin/cc    -o CMakeFiles/cmTC_90df0.dir/CheckSymbolExists.c.o   -c /home/zk8888/catkin_ws/src/kinect_img_cap/cmake-build-debug/CMakeFiles/CMakeTmp/CheckSymbolExists.c
Linking C executable cmTC_90df0
/home/zk8888/clion-2017.3/bin/cmake/bin/cmake -E cmake_link_script CMakeFiles/cmTC_90df0.dir/link.txt --verbose=1
/usr/bin/cc      -rdynamic CMakeFiles/cmTC_90df0.dir/CheckSymbolExists.c.o  -o cmTC_90df0 
CMakeFiles/cmTC_90df0.dir/CheckSymbolExists.c.o: In function `main':
CheckSymbolExists.c:(.text+0x16): undefined reference to `pthread_create'
collect2: error: ld returned 1 exit status
make[1]: *** [cmTC_90df0] Error 1
make[1]: Leaving directory `/home/zk8888/catkin_ws/src/kinect_img_cap/cmake-build-debug/CMakeFiles/CMakeTmp'
make: *** [cmTC_90df0/fast] Error 2

File /home/zk8888/catkin_ws/src/kinect_img_cap/cmake-build-debug/CMakeFiles/CMakeTmp/CheckSymbolExists.c:
/* */
#include <pthread.h>

int main(int argc, char** argv)
{
  (void)argv;
#ifndef pthread_create
  return ((int*)(&pthread_create))[argc];
#else
  (void)argc;
  return 0;
#endif
}

Determining if the function pthread_create exists in the pthreads failed with the following output:
Change Dir: /home/zk8888/catkin_ws/src/kinect_img_cap/cmake-build-debug/CMakeFiles/CMakeTmp

Run Build Command:"/usr/bin/make" "cmTC_aed73/fast"
/usr/bin/make -f CMakeFiles/cmTC_aed73.dir/build.make CMakeFiles/cmTC_aed73.dir/build
make[1]: Entering directory `/home/zk8888/catkin_ws/src/kinect_img_cap/cmake-build-debug/CMakeFiles/CMakeTmp'
Building C object CMakeFiles/cmTC_aed73.dir/CheckFunctionExists.c.o
/usr/bin/cc   -DCHECK_FUNCTION_EXISTS=pthread_create   -o CMakeFiles/cmTC_aed73.dir/CheckFunctionExists.c.o   -c /home/zk8888/clion-2017.3/bin/cmake/share/cmake-3.9/Modules/CheckFunctionExists.c
Linking C executable cmTC_aed73
/home/zk8888/clion-2017.3/bin/cmake/bin/cmake -E cmake_link_script CMakeFiles/cmTC_aed73.dir/link.txt --verbose=1
/usr/bin/cc  -DCHECK_FUNCTION_EXISTS=pthread_create    -rdynamic CMakeFiles/cmTC_aed73.dir/CheckFunctionExists.c.o  -o cmTC_aed73 -lpthreads 
/usr/bin/ld: cannot find -lpthreads
collect2: error: ld returned 1 exit status
make[1]: *** [cmTC_aed73] Error 1
make[1]: Leaving directory `/home/zk8888/catkin_ws/src/kinect_img_cap/cmake-build-debug/CMakeFiles/CMakeTmp'
make: *** [cmTC_aed73/fast] Error 2


